2022-10-12 19:41:00,288 [Worker-4: Loading available Gradle versions] INFO  o.e.b.c.i.u.g.PublishedGradleVersions - Gradle version information cache is up-to-date. Trying to read.
2022-10-29 15:23:41,385 [Worker-5: Loading available Gradle versions] INFO  o.e.b.c.i.u.g.PublishedGradleVersions - Gradle version information cache is up-to-date. Trying to read.
2022-10-29 16:01:53,857 [Worker-1: Creating project "jsonread"] INFO  o.e.m.c.i.l.LifecycleMappingFactory - Using org.eclipse.m2e.jdt.JarLifecycleMapping lifecycle mapping for MavenProject: com.test:jsonread:0.0.1-SNAPSHOT @ D:\self\GL\OopsCC\jsonread\pom.xml.
2022-10-29 16:01:54,164 [Worker-1: Creating project "jsonread"] INFO  o.e.m.j.i.AbstractJavaProjectConfigurator - Adding source folder /jsonread/src/main/java
2022-10-29 16:01:54,166 [Worker-1: Creating project "jsonread"] INFO  o.e.m.j.i.AbstractJavaProjectConfigurator - Adding resource folder /jsonread/src/main/resources
2022-10-29 16:01:54,167 [Worker-1: Creating project "jsonread"] INFO  o.e.m.j.i.AbstractJavaProjectConfigurator - Adding source folder /jsonread/src/test/java
2022-10-29 16:01:54,167 [Worker-1: Creating project "jsonread"] INFO  o.e.m.j.i.AbstractJavaProjectConfigurator - Adding resource folder /jsonread/src/test/resources
2022-10-29 16:01:54,556 [Worker-31: Building] WARN  o.e.m.c.i.embedder.EclipseLogger - Using platform encoding (Cp1252 actually) to copy filtered resources, i.e. build is platform dependent!
2022-10-29 16:01:54,560 [Worker-31: Building] INFO  o.e.m.c.i.embedder.EclipseLogger - Copying 0 resource
2022-10-29 16:01:54,561 [Worker-31: Building] WARN  o.e.m.c.i.embedder.EclipseLogger - Using platform encoding (Cp1252 actually) to copy filtered resources, i.e. build is platform dependent!
2022-10-29 16:01:54,562 [Worker-31: Building] INFO  o.e.m.c.i.embedder.EclipseLogger - Copying 0 resource
2022-10-29 16:02:36,064 [Worker-1: Building] WARN  o.e.m.c.i.embedder.EclipseLogger - Using platform encoding (Cp1252 actually) to copy filtered resources, i.e. build is platform dependent!
2022-10-29 16:02:36,067 [Worker-1: Building] INFO  o.e.m.c.i.embedder.EclipseLogger - Copying 0 resource
2022-10-29 16:02:36,068 [Worker-1: Building] WARN  o.e.m.c.i.embedder.EclipseLogger - Using platform encoding (Cp1252 actually) to copy filtered resources, i.e. build is platform dependent!
2022-10-29 16:02:36,069 [Worker-1: Building] INFO  o.e.m.c.i.embedder.EclipseLogger - Copying 0 resource
2022-10-29 16:02:51,259 [Worker-32: Building] WARN  o.e.m.c.i.embedder.EclipseLogger - Using platform encoding (Cp1252 actually) to copy filtered resources, i.e. build is platform dependent!
2022-10-29 16:02:51,261 [Worker-32: Building] INFO  o.e.m.c.i.embedder.EclipseLogger - Copying 0 resource
2022-10-29 16:02:51,262 [Worker-32: Building] WARN  o.e.m.c.i.embedder.EclipseLogger - Using platform encoding (Cp1252 actually) to copy filtered resources, i.e. build is platform dependent!
2022-10-29 16:02:51,264 [Worker-32: Building] INFO  o.e.m.c.i.embedder.EclipseLogger - Copying 0 resource
2022-10-29 16:05:18,433 [Worker-30: Building] INFO  o.e.m.c.i.l.LifecycleMappingFactory - Using org.eclipse.m2e.jdt.JarLifecycleMapping lifecycle mapping for MavenProject: com.test:jsonread:0.0.1-SNAPSHOT @ D:\self\GL\OopsCC\jsonread\pom.xml.
2022-10-29 16:05:18,532 [Worker-30: Building] WARN  o.e.m.c.i.embedder.EclipseLogger - Using platform encoding (Cp1252 actually) to copy filtered resources, i.e. build is platform dependent!
2022-10-29 16:05:18,534 [Worker-30: Building] INFO  o.e.m.c.i.embedder.EclipseLogger - Copying 0 resource
2022-10-29 16:05:18,537 [Worker-30: Building] WARN  o.e.m.c.i.embedder.EclipseLogger - Using platform encoding (Cp1252 actually) to copy filtered resources, i.e. build is platform dependent!
2022-10-29 16:05:18,538 [Worker-30: Building] INFO  o.e.m.c.i.embedder.EclipseLogger - Copying 0 resource
2022-10-29 16:05:35,583 [Worker-30: Launching Executing clean in D__self_GL_OopsCC_jsonread] INFO  o.e.m.i.launch.MavenLaunchDelegate - D:\self\GL\OopsCC\jsonread
2022-10-29 16:05:35,584 [Worker-30: Launching Executing clean in D__self_GL_OopsCC_jsonread] INFO  o.e.m.i.launch.MavenLaunchDelegate -  mvn -B clean
2022-10-29 16:06:41,517 [Worker-36: Launching Executing clean in D__self_GL_OopsCC_jsonread] INFO  o.e.m.i.launch.MavenLaunchDelegate - D:\self\GL\OopsCC\jsonread
2022-10-29 16:06:41,517 [Worker-36: Launching Executing clean in D__self_GL_OopsCC_jsonread] INFO  o.e.m.i.launch.MavenLaunchDelegate -  mvn -B clean
2022-10-29 16:07:04,082 [main] INFO  o.e.m2e.actions.ExecutePomAction - Creating new launch configuration
2022-10-29 16:26:42,400 [Worker-34: Updating Maven Project] INFO  o.e.m.c.i.p.ProjectConfigurationManager - Update started
2022-10-29 16:26:42,622 [Worker-34: Updating Maven Project] INFO  o.e.m.c.i.l.LifecycleMappingFactory - Using org.eclipse.m2e.jdt.JarLifecycleMapping lifecycle mapping for MavenProject: com.test:jsonread:0.0.1-SNAPSHOT @ D:\self\GL\OopsCC\jsonread\pom.xml.
2022-10-29 16:26:42,891 [Worker-34: Updating Maven Project] INFO  o.e.m.j.i.AbstractJavaProjectConfigurator - Adding source folder /jsonread/src/main/java
2022-10-29 16:26:42,892 [Worker-34: Updating Maven Project] INFO  o.e.m.j.i.AbstractJavaProjectConfigurator - Adding resource folder /jsonread/src/main/resources
2022-10-29 16:26:42,892 [Worker-34: Updating Maven Project] INFO  o.e.m.j.i.AbstractJavaProjectConfigurator - Adding source folder /jsonread/src/test/java
2022-10-29 16:26:42,893 [Worker-34: Updating Maven Project] INFO  o.e.m.j.i.AbstractJavaProjectConfigurator - Adding resource folder /jsonread/src/test/resources
2022-10-29 16:26:43,423 [Worker-34: Updating Maven Project] INFO  o.e.m.c.i.p.ProjectConfigurationManager - Update completed: 1 sec
2022-10-29 16:26:46,237 [Worker-1: Download sources and javadoc] INFO  o.e.m.c.i.e.AbstractTransferListenerAdapter - Downloading https://repo.maven.apache.org/maven2/com/google/code/gson/gson/2.8.5/gson-2.8.5-sources.jar
2022-10-29 16:26:47,679 [Worker-1: Download sources and javadoc] INFO  o.e.m.c.i.e.AbstractTransferListenerAdapter - Downloaded https://repo.maven.apache.org/maven2/com/google/code/gson/gson/2.8.5/gson-2.8.5-sources.jar
2022-10-29 16:26:47,683 [Worker-1: Download sources and javadoc] INFO  o.e.m.j.internal.DownloadSourcesJob - Downloaded sources for com.google.code.gson:gson:2.8.5
2022-10-29 21:59:05,795 [Worker-42: Updating Maven Project] INFO  o.e.m.c.i.p.ProjectConfigurationManager - Update started
2022-10-29 21:59:06,089 [Worker-42: Updating Maven Project] INFO  o.e.m.c.i.l.LifecycleMappingFactory - Using org.eclipse.m2e.jdt.JarLifecycleMapping lifecycle mapping for MavenProject: com.test:jsonread:0.0.1-SNAPSHOT @ D:\self\GL\OopsCC\jsonread\pom.xml.
2022-10-29 21:59:06,333 [Worker-42: Updating Maven Project] INFO  o.e.m.j.i.AbstractJavaProjectConfigurator - Adding source folder /jsonread/src/main/java
2022-10-29 21:59:06,334 [Worker-42: Updating Maven Project] INFO  o.e.m.j.i.AbstractJavaProjectConfigurator - Adding resource folder /jsonread/src/main/resources
2022-10-29 21:59:06,334 [Worker-42: Updating Maven Project] INFO  o.e.m.j.i.AbstractJavaProjectConfigurator - Adding source folder /jsonread/src/test/java
2022-10-29 21:59:06,334 [Worker-42: Updating Maven Project] INFO  o.e.m.j.i.AbstractJavaProjectConfigurator - Adding resource folder /jsonread/src/test/resources
2022-10-29 21:59:06,482 [Worker-42: Updating Maven Project] INFO  o.e.m.c.i.p.ProjectConfigurationManager - Update completed: 0 sec
2022-10-29 21:59:08,517 [Worker-42: Download sources and javadoc] INFO  o.e.m.c.i.e.AbstractTransferListenerAdapter - Downloading https://repo.maven.apache.org/maven2/junit/junit/4.10/junit-4.10-sources.jar
2022-10-29 21:59:09,112 [Worker-42: Download sources and javadoc] INFO  o.e.m.c.i.e.AbstractTransferListenerAdapter - Downloaded https://repo.maven.apache.org/maven2/junit/junit/4.10/junit-4.10-sources.jar
2022-10-29 21:59:09,126 [Worker-42: Download sources and javadoc] INFO  o.e.m.j.internal.DownloadSourcesJob - Downloaded sources for junit:junit:4.10
2022-10-29 21:59:09,947 [Worker-42: Download sources and javadoc] INFO  o.e.m.c.i.e.AbstractTransferListenerAdapter - Downloading https://repo.maven.apache.org/maven2/org/hamcrest/hamcrest-core/1.1/hamcrest-core-1.1-sources.jar
2022-10-29 21:59:10,365 [Worker-42: Download sources and javadoc] INFO  o.e.m.c.i.e.AbstractTransferListenerAdapter - Downloaded https://repo.maven.apache.org/maven2/org/hamcrest/hamcrest-core/1.1/hamcrest-core-1.1-sources.jar
2022-10-29 21:59:10,370 [Worker-42: Download sources and javadoc] INFO  o.e.m.j.internal.DownloadSourcesJob - Downloaded sources for org.hamcrest:hamcrest-core:1.1
2022-10-30 06:53:47,062 [Worker-47: Launching Testjson01] WARN  o.e.m.c.i.embedder.EclipseLogger - Using platform encoding (Cp1252 actually) to copy filtered resources, i.e. build is platform dependent!
2022-10-30 06:53:47,064 [Worker-47: Launching Testjson01] INFO  o.e.m.c.i.embedder.EclipseLogger - Copying 1 resource
2022-10-30 06:53:47,072 [Worker-47: Launching Testjson01] WARN  o.e.m.c.i.embedder.EclipseLogger - Using platform encoding (Cp1252 actually) to copy filtered resources, i.e. build is platform dependent!
2022-10-30 06:53:47,073 [Worker-47: Launching Testjson01] INFO  o.e.m.c.i.embedder.EclipseLogger - Copying 0 resource
2022-10-30 06:54:03,414 [Worker-51: Launching Testjson01] WARN  o.e.m.c.i.embedder.EclipseLogger - Using platform encoding (Cp1252 actually) to copy filtered resources, i.e. build is platform dependent!
2022-10-30 06:54:03,417 [Worker-51: Launching Testjson01] INFO  o.e.m.c.i.embedder.EclipseLogger - Copying 1 resource
2022-10-30 06:54:03,418 [Worker-51: Launching Testjson01] WARN  o.e.m.c.i.embedder.EclipseLogger - Using platform encoding (Cp1252 actually) to copy filtered resources, i.e. build is platform dependent!
2022-10-30 06:54:03,419 [Worker-51: Launching Testjson01] INFO  o.e.m.c.i.embedder.EclipseLogger - Copying 0 resource
2022-10-30 06:54:56,625 [Worker-50: Launching Testjson01] WARN  o.e.m.c.i.embedder.EclipseLogger - Using platform encoding (Cp1252 actually) to copy filtered resources, i.e. build is platform dependent!
2022-10-30 06:54:56,626 [Worker-50: Launching Testjson01] INFO  o.e.m.c.i.embedder.EclipseLogger - Copying 1 resource
2022-10-30 06:54:56,627 [Worker-50: Launching Testjson01] WARN  o.e.m.c.i.embedder.EclipseLogger - Using platform encoding (Cp1252 actually) to copy filtered resources, i.e. build is platform dependent!
2022-10-30 06:54:56,628 [Worker-50: Launching Testjson01] INFO  o.e.m.c.i.embedder.EclipseLogger - Copying 0 resource
2022-10-30 07:12:44,963 [Worker-54: Launching Testjson01] WARN  o.e.m.c.i.embedder.EclipseLogger - Using platform encoding (Cp1252 actually) to copy filtered resources, i.e. build is platform dependent!
2022-10-30 07:12:44,965 [Worker-54: Launching Testjson01] INFO  o.e.m.c.i.embedder.EclipseLogger - Copying 1 resource
2022-10-30 07:12:44,970 [Worker-54: Launching Testjson01] WARN  o.e.m.c.i.embedder.EclipseLogger - Using platform encoding (Cp1252 actually) to copy filtered resources, i.e. build is platform dependent!
2022-10-30 07:12:44,971 [Worker-54: Launching Testjson01] INFO  o.e.m.c.i.embedder.EclipseLogger - Copying 0 resource
2022-10-30 07:14:39,826 [Worker-55: Launching Testjson01] WARN  o.e.m.c.i.embedder.EclipseLogger - Using platform encoding (Cp1252 actually) to copy filtered resources, i.e. build is platform dependent!
2022-10-30 07:14:39,828 [Worker-55: Launching Testjson01] INFO  o.e.m.c.i.embedder.EclipseLogger - Copying 1 resource
2022-10-30 07:14:39,829 [Worker-55: Launching Testjson01] WARN  o.e.m.c.i.embedder.EclipseLogger - Using platform encoding (Cp1252 actually) to copy filtered resources, i.e. build is platform dependent!
2022-10-30 07:14:39,830 [Worker-55: Launching Testjson01] INFO  o.e.m.c.i.embedder.EclipseLogger - Copying 0 resource
2022-10-30 07:18:36,428 [Worker-57: Launching Testjson01] WARN  o.e.m.c.i.embedder.EclipseLogger - Using platform encoding (Cp1252 actually) to copy filtered resources, i.e. build is platform dependent!
2022-10-30 07:18:36,430 [Worker-57: Launching Testjson01] INFO  o.e.m.c.i.embedder.EclipseLogger - Copying 1 resource
2022-10-30 07:18:36,432 [Worker-57: Launching Testjson01] WARN  o.e.m.c.i.embedder.EclipseLogger - Using platform encoding (Cp1252 actually) to copy filtered resources, i.e. build is platform dependent!
2022-10-30 07:18:36,433 [Worker-57: Launching Testjson01] INFO  o.e.m.c.i.embedder.EclipseLogger - Copying 0 resource
2022-10-30 07:22:39,254 [Worker-60: Launching Testjson01] WARN  o.e.m.c.i.embedder.EclipseLogger - Using platform encoding (Cp1252 actually) to copy filtered resources, i.e. build is platform dependent!
2022-10-30 07:22:39,255 [Worker-60: Launching Testjson01] INFO  o.e.m.c.i.embedder.EclipseLogger - Copying 1 resource
2022-10-30 07:22:39,256 [Worker-60: Launching Testjson01] WARN  o.e.m.c.i.embedder.EclipseLogger - Using platform encoding (Cp1252 actually) to copy filtered resources, i.e. build is platform dependent!
2022-10-30 07:22:39,257 [Worker-60: Launching Testjson01] INFO  o.e.m.c.i.embedder.EclipseLogger - Copying 0 resource
2022-10-30 07:24:22,317 [Worker-63: Launching Testjson01] WARN  o.e.m.c.i.embedder.EclipseLogger - Using platform encoding (Cp1252 actually) to copy filtered resources, i.e. build is platform dependent!
2022-10-30 07:24:22,319 [Worker-63: Launching Testjson01] INFO  o.e.m.c.i.embedder.EclipseLogger - Copying 1 resource
2022-10-30 07:24:22,321 [Worker-63: Launching Testjson01] WARN  o.e.m.c.i.embedder.EclipseLogger - Using platform encoding (Cp1252 actually) to copy filtered resources, i.e. build is platform dependent!
2022-10-30 07:24:22,322 [Worker-63: Launching Testjson01] INFO  o.e.m.c.i.embedder.EclipseLogger - Copying 0 resource
2022-10-30 07:27:01,886 [Worker-57: Launching Testjson01] WARN  o.e.m.c.i.embedder.EclipseLogger - Using platform encoding (Cp1252 actually) to copy filtered resources, i.e. build is platform dependent!
2022-10-30 07:27:01,888 [Worker-57: Launching Testjson01] INFO  o.e.m.c.i.embedder.EclipseLogger - Copying 1 resource
2022-10-30 07:27:01,889 [Worker-57: Launching Testjson01] WARN  o.e.m.c.i.embedder.EclipseLogger - Using platform encoding (Cp1252 actually) to copy filtered resources, i.e. build is platform dependent!
2022-10-30 07:27:01,890 [Worker-57: Launching Testjson01] INFO  o.e.m.c.i.embedder.EclipseLogger - Copying 0 resource
2022-10-30 07:30:21,495 [Worker-66: Launching Testjson01] WARN  o.e.m.c.i.embedder.EclipseLogger - Using platform encoding (Cp1252 actually) to copy filtered resources, i.e. build is platform dependent!
2022-10-30 07:30:21,497 [Worker-66: Launching Testjson01] INFO  o.e.m.c.i.embedder.EclipseLogger - Copying 1 resource
2022-10-30 07:30:21,498 [Worker-66: Launching Testjson01] WARN  o.e.m.c.i.embedder.EclipseLogger - Using platform encoding (Cp1252 actually) to copy filtered resources, i.e. build is platform dependent!
2022-10-30 07:30:21,499 [Worker-66: Launching Testjson01] INFO  o.e.m.c.i.embedder.EclipseLogger - Copying 0 resource
2022-10-30 07:31:42,275 [Worker-57: Launching Testjson01] WARN  o.e.m.c.i.embedder.EclipseLogger - Using platform encoding (Cp1252 actually) to copy filtered resources, i.e. build is platform dependent!
2022-10-30 07:31:42,276 [Worker-57: Launching Testjson01] INFO  o.e.m.c.i.embedder.EclipseLogger - Copying 1 resource
2022-10-30 07:31:42,276 [Worker-57: Launching Testjson01] WARN  o.e.m.c.i.embedder.EclipseLogger - Using platform encoding (Cp1252 actually) to copy filtered resources, i.e. build is platform dependent!
2022-10-30 07:31:42,277 [Worker-57: Launching Testjson01] INFO  o.e.m.c.i.embedder.EclipseLogger - Copying 0 resource
2022-10-30 07:59:58,776 [Worker-68: Launching Testjson01] WARN  o.e.m.c.i.embedder.EclipseLogger - Using platform encoding (Cp1252 actually) to copy filtered resources, i.e. build is platform dependent!
2022-10-30 07:59:58,776 [Worker-68: Launching Testjson01] INFO  o.e.m.c.i.embedder.EclipseLogger - Copying 1 resource
2022-10-30 07:59:58,777 [Worker-68: Launching Testjson01] WARN  o.e.m.c.i.embedder.EclipseLogger - Using platform encoding (Cp1252 actually) to copy filtered resources, i.e. build is platform dependent!
2022-10-30 07:59:58,778 [Worker-68: Launching Testjson01] INFO  o.e.m.c.i.embedder.EclipseLogger - Copying 0 resource
2022-10-30 08:17:31,364 [Worker-73: Launching Testjson01] WARN  o.e.m.c.i.embedder.EclipseLogger - Using platform encoding (Cp1252 actually) to copy filtered resources, i.e. build is platform dependent!
2022-10-30 08:17:31,366 [Worker-73: Launching Testjson01] INFO  o.e.m.c.i.embedder.EclipseLogger - Copying 1 resource
2022-10-30 08:17:31,367 [Worker-73: Launching Testjson01] WARN  o.e.m.c.i.embedder.EclipseLogger - Using platform encoding (Cp1252 actually) to copy filtered resources, i.e. build is platform dependent!
2022-10-30 08:17:31,368 [Worker-73: Launching Testjson01] INFO  o.e.m.c.i.embedder.EclipseLogger - Copying 0 resource
2022-10-30 08:32:33,916 [Worker-78: Launching UseIterator] WARN  o.e.m.c.i.embedder.EclipseLogger - Using platform encoding (Cp1252 actually) to copy filtered resources, i.e. build is platform dependent!
2022-10-30 08:32:33,917 [Worker-78: Launching UseIterator] INFO  o.e.m.c.i.embedder.EclipseLogger - Copying 1 resource
2022-10-30 08:32:33,918 [Worker-78: Launching UseIterator] WARN  o.e.m.c.i.embedder.EclipseLogger - Using platform encoding (Cp1252 actually) to copy filtered resources, i.e. build is platform dependent!
2022-10-30 08:32:33,919 [Worker-78: Launching UseIterator] INFO  o.e.m.c.i.embedder.EclipseLogger - Copying 0 resource
2022-10-30 08:34:28,003 [Worker-80: Launching Testjson01] WARN  o.e.m.c.i.embedder.EclipseLogger - Using platform encoding (Cp1252 actually) to copy filtered resources, i.e. build is platform dependent!
2022-10-30 08:34:28,004 [Worker-80: Launching Testjson01] INFO  o.e.m.c.i.embedder.EclipseLogger - Copying 1 resource
2022-10-30 08:34:28,006 [Worker-80: Launching Testjson01] WARN  o.e.m.c.i.embedder.EclipseLogger - Using platform encoding (Cp1252 actually) to copy filtered resources, i.e. build is platform dependent!
2022-10-30 08:34:28,007 [Worker-80: Launching Testjson01] INFO  o.e.m.c.i.embedder.EclipseLogger - Copying 0 resource
2022-11-02 14:16:29,753 [Worker-176: Launching Testjson01] WARN  o.e.m.c.i.embedder.EclipseLogger - Using platform encoding (Cp1252 actually) to copy filtered resources, i.e. build is platform dependent!
2022-11-02 14:16:29,757 [Worker-176: Launching Testjson01] INFO  o.e.m.c.i.embedder.EclipseLogger - Copying 1 resource
2022-11-02 14:16:29,758 [Worker-176: Launching Testjson01] WARN  o.e.m.c.i.embedder.EclipseLogger - Using platform encoding (Cp1252 actually) to copy filtered resources, i.e. build is platform dependent!
2022-11-02 14:16:29,759 [Worker-176: Launching Testjson01] INFO  o.e.m.c.i.embedder.EclipseLogger - Copying 0 resource
2022-11-02 14:48:44,859 [Worker-189: Launching Testjson01] WARN  o.e.m.c.i.embedder.EclipseLogger - Using platform encoding (Cp1252 actually) to copy filtered resources, i.e. build is platform dependent!
2022-11-02 14:48:44,861 [Worker-189: Launching Testjson01] INFO  o.e.m.c.i.embedder.EclipseLogger - Copying 1 resource
2022-11-02 14:48:44,862 [Worker-189: Launching Testjson01] WARN  o.e.m.c.i.embedder.EclipseLogger - Using platform encoding (Cp1252 actually) to copy filtered resources, i.e. build is platform dependent!
2022-11-02 14:48:44,863 [Worker-189: Launching Testjson01] INFO  o.e.m.c.i.embedder.EclipseLogger - Copying 0 resource
2022-11-02 15:28:10,097 [Worker-193: Launching Testjson01] WARN  o.e.m.c.i.embedder.EclipseLogger - Using platform encoding (Cp1252 actually) to copy filtered resources, i.e. build is platform dependent!
2022-11-02 15:28:10,098 [Worker-193: Launching Testjson01] INFO  o.e.m.c.i.embedder.EclipseLogger - Copying 1 resource
2022-11-02 15:28:10,099 [Worker-193: Launching Testjson01] WARN  o.e.m.c.i.embedder.EclipseLogger - Using platform encoding (Cp1252 actually) to copy filtered resources, i.e. build is platform dependent!
2022-11-02 15:28:10,100 [Worker-193: Launching Testjson01] INFO  o.e.m.c.i.embedder.EclipseLogger - Copying 0 resource
2022-11-02 15:33:48,027 [Worker-201: Launching Testjson01] WARN  o.e.m.c.i.embedder.EclipseLogger - Using platform encoding (Cp1252 actually) to copy filtered resources, i.e. build is platform dependent!
2022-11-02 15:33:48,028 [Worker-201: Launching Testjson01] INFO  o.e.m.c.i.embedder.EclipseLogger - Copying 1 resource
2022-11-02 15:33:48,029 [Worker-201: Launching Testjson01] WARN  o.e.m.c.i.embedder.EclipseLogger - Using platform encoding (Cp1252 actually) to copy filtered resources, i.e. build is platform dependent!
2022-11-02 15:33:48,030 [Worker-201: Launching Testjson01] INFO  o.e.m.c.i.embedder.EclipseLogger - Copying 0 resource
2022-11-02 15:38:24,058 [Worker-194: Launching Testjson01] WARN  o.e.m.c.i.embedder.EclipseLogger - Using platform encoding (Cp1252 actually) to copy filtered resources, i.e. build is platform dependent!
2022-11-02 15:38:24,060 [Worker-194: Launching Testjson01] INFO  o.e.m.c.i.embedder.EclipseLogger - Copying 1 resource
2022-11-02 15:38:24,061 [Worker-194: Launching Testjson01] WARN  o.e.m.c.i.embedder.EclipseLogger - Using platform encoding (Cp1252 actually) to copy filtered resources, i.e. build is platform dependent!
2022-11-02 15:38:24,062 [Worker-194: Launching Testjson01] INFO  o.e.m.c.i.embedder.EclipseLogger - Copying 0 resource
2022-11-02 15:40:00,323 [Worker-190: Launching Testjson01] WARN  o.e.m.c.i.embedder.EclipseLogger - Using platform encoding (Cp1252 actually) to copy filtered resources, i.e. build is platform dependent!
2022-11-02 15:40:00,324 [Worker-190: Launching Testjson01] INFO  o.e.m.c.i.embedder.EclipseLogger - Copying 1 resource
2022-11-02 15:40:00,325 [Worker-190: Launching Testjson01] WARN  o.e.m.c.i.embedder.EclipseLogger - Using platform encoding (Cp1252 actually) to copy filtered resources, i.e. build is platform dependent!
2022-11-02 15:40:00,325 [Worker-190: Launching Testjson01] INFO  o.e.m.c.i.embedder.EclipseLogger - Copying 0 resource
2022-11-02 15:41:00,260 [Worker-202: Launching Testjson01] WARN  o.e.m.c.i.embedder.EclipseLogger - Using platform encoding (Cp1252 actually) to copy filtered resources, i.e. build is platform dependent!
2022-11-02 15:41:00,261 [Worker-202: Launching Testjson01] INFO  o.e.m.c.i.embedder.EclipseLogger - Copying 1 resource
2022-11-02 15:41:00,262 [Worker-202: Launching Testjson01] WARN  o.e.m.c.i.embedder.EclipseLogger - Using platform encoding (Cp1252 actually) to copy filtered resources, i.e. build is platform dependent!
2022-11-02 15:41:00,263 [Worker-202: Launching Testjson01] INFO  o.e.m.c.i.embedder.EclipseLogger - Copying 0 resource
2022-11-02 15:44:42,296 [Worker-207: Launching Testjson01] WARN  o.e.m.c.i.embedder.EclipseLogger - Using platform encoding (Cp1252 actually) to copy filtered resources, i.e. build is platform dependent!
2022-11-02 15:44:42,298 [Worker-207: Launching Testjson01] INFO  o.e.m.c.i.embedder.EclipseLogger - Copying 1 resource
2022-11-02 15:44:42,299 [Worker-207: Launching Testjson01] WARN  o.e.m.c.i.embedder.EclipseLogger - Using platform encoding (Cp1252 actually) to copy filtered resources, i.e. build is platform dependent!
2022-11-02 15:44:42,300 [Worker-207: Launching Testjson01] INFO  o.e.m.c.i.embedder.EclipseLogger - Copying 0 resource
2022-11-02 15:48:36,628 [Worker-205: Launching Testjson01] WARN  o.e.m.c.i.embedder.EclipseLogger - Using platform encoding (Cp1252 actually) to copy filtered resources, i.e. build is platform dependent!
2022-11-02 15:48:36,630 [Worker-205: Launching Testjson01] INFO  o.e.m.c.i.embedder.EclipseLogger - Copying 1 resource
2022-11-02 15:48:36,631 [Worker-205: Launching Testjson01] WARN  o.e.m.c.i.embedder.EclipseLogger - Using platform encoding (Cp1252 actually) to copy filtered resources, i.e. build is platform dependent!
2022-11-02 15:48:36,632 [Worker-205: Launching Testjson01] INFO  o.e.m.c.i.embedder.EclipseLogger - Copying 0 resource
2022-11-02 15:56:05,724 [Worker-208: Launching Testjson01] WARN  o.e.m.c.i.embedder.EclipseLogger - Using platform encoding (Cp1252 actually) to copy filtered resources, i.e. build is platform dependent!
2022-11-02 15:56:05,725 [Worker-208: Launching Testjson01] INFO  o.e.m.c.i.embedder.EclipseLogger - Copying 1 resource
2022-11-02 15:56:05,726 [Worker-208: Launching Testjson01] WARN  o.e.m.c.i.embedder.EclipseLogger - Using platform encoding (Cp1252 actually) to copy filtered resources, i.e. build is platform dependent!
2022-11-02 15:56:05,727 [Worker-208: Launching Testjson01] INFO  o.e.m.c.i.embedder.EclipseLogger - Copying 0 resource
2022-11-02 15:57:51,934 [Worker-215: Launching Testjson01] WARN  o.e.m.c.i.embedder.EclipseLogger - Using platform encoding (Cp1252 actually) to copy filtered resources, i.e. build is platform dependent!
2022-11-02 15:57:51,935 [Worker-215: Launching Testjson01] INFO  o.e.m.c.i.embedder.EclipseLogger - Copying 1 resource
2022-11-02 15:57:51,936 [Worker-215: Launching Testjson01] WARN  o.e.m.c.i.embedder.EclipseLogger - Using platform encoding (Cp1252 actually) to copy filtered resources, i.e. build is platform dependent!
2022-11-02 15:57:51,936 [Worker-215: Launching Testjson01] INFO  o.e.m.c.i.embedder.EclipseLogger - Copying 0 resource
2022-11-02 15:58:07,586 [Worker-211: Launching Testjson01] WARN  o.e.m.c.i.embedder.EclipseLogger - Using platform encoding (Cp1252 actually) to copy filtered resources, i.e. build is platform dependent!
2022-11-02 15:58:07,586 [Worker-211: Launching Testjson01] INFO  o.e.m.c.i.embedder.EclipseLogger - Copying 1 resource
2022-11-02 15:58:07,587 [Worker-211: Launching Testjson01] WARN  o.e.m.c.i.embedder.EclipseLogger - Using platform encoding (Cp1252 actually) to copy filtered resources, i.e. build is platform dependent!
2022-11-02 15:58:07,587 [Worker-211: Launching Testjson01] INFO  o.e.m.c.i.embedder.EclipseLogger - Copying 0 resource
2022-11-02 16:00:15,856 [Worker-212: Launching Testjson01] WARN  o.e.m.c.i.embedder.EclipseLogger - Using platform encoding (Cp1252 actually) to copy filtered resources, i.e. build is platform dependent!
2022-11-02 16:00:15,857 [Worker-212: Launching Testjson01] INFO  o.e.m.c.i.embedder.EclipseLogger - Copying 1 resource
2022-11-02 16:00:15,858 [Worker-212: Launching Testjson01] WARN  o.e.m.c.i.embedder.EclipseLogger - Using platform encoding (Cp1252 actually) to copy filtered resources, i.e. build is platform dependent!
2022-11-02 16:00:15,858 [Worker-212: Launching Testjson01] INFO  o.e.m.c.i.embedder.EclipseLogger - Copying 0 resource
2022-11-02 16:02:36,620 [Worker-215: Launching Testjson01] WARN  o.e.m.c.i.embedder.EclipseLogger - Using platform encoding (Cp1252 actually) to copy filtered resources, i.e. build is platform dependent!
2022-11-02 16:02:36,622 [Worker-215: Launching Testjson01] INFO  o.e.m.c.i.embedder.EclipseLogger - Copying 1 resource
2022-11-02 16:02:36,623 [Worker-215: Launching Testjson01] WARN  o.e.m.c.i.embedder.EclipseLogger - Using platform encoding (Cp1252 actually) to copy filtered resources, i.e. build is platform dependent!
2022-11-02 16:02:36,624 [Worker-215: Launching Testjson01] INFO  o.e.m.c.i.embedder.EclipseLogger - Copying 0 resource
2022-11-02 16:05:27,019 [Worker-212: Launching Testjson01] WARN  o.e.m.c.i.embedder.EclipseLogger - Using platform encoding (Cp1252 actually) to copy filtered resources, i.e. build is platform dependent!
2022-11-02 16:05:27,020 [Worker-212: Launching Testjson01] INFO  o.e.m.c.i.embedder.EclipseLogger - Copying 1 resource
2022-11-02 16:05:27,021 [Worker-212: Launching Testjson01] WARN  o.e.m.c.i.embedder.EclipseLogger - Using platform encoding (Cp1252 actually) to copy filtered resources, i.e. build is platform dependent!
2022-11-02 16:05:27,022 [Worker-212: Launching Testjson01] INFO  o.e.m.c.i.embedder.EclipseLogger - Copying 0 resource
2022-11-02 16:09:48,150 [Worker-211: Launching Testjson01] WARN  o.e.m.c.i.embedder.EclipseLogger - Using platform encoding (Cp1252 actually) to copy filtered resources, i.e. build is platform dependent!
2022-11-02 16:09:48,151 [Worker-211: Launching Testjson01] INFO  o.e.m.c.i.embedder.EclipseLogger - Copying 1 resource
2022-11-02 16:09:48,152 [Worker-211: Launching Testjson01] WARN  o.e.m.c.i.embedder.EclipseLogger - Using platform encoding (Cp1252 actually) to copy filtered resources, i.e. build is platform dependent!
2022-11-02 16:09:48,152 [Worker-211: Launching Testjson01] INFO  o.e.m.c.i.embedder.EclipseLogger - Copying 0 resource
2022-11-02 16:16:05,260 [Worker-214: Launching Testjson01] WARN  o.e.m.c.i.embedder.EclipseLogger - Using platform encoding (Cp1252 actually) to copy filtered resources, i.e. build is platform dependent!
2022-11-02 16:16:05,262 [Worker-214: Launching Testjson01] INFO  o.e.m.c.i.embedder.EclipseLogger - Copying 1 resource
2022-11-02 16:16:05,263 [Worker-214: Launching Testjson01] WARN  o.e.m.c.i.embedder.EclipseLogger - Using platform encoding (Cp1252 actually) to copy filtered resources, i.e. build is platform dependent!
2022-11-02 16:16:05,264 [Worker-214: Launching Testjson01] INFO  o.e.m.c.i.embedder.EclipseLogger - Copying 0 resource
2022-11-02 16:38:19,306 [Worker-224: Launching Testjson01] WARN  o.e.m.c.i.embedder.EclipseLogger - Using platform encoding (Cp1252 actually) to copy filtered resources, i.e. build is platform dependent!
2022-11-02 16:38:19,308 [Worker-224: Launching Testjson01] INFO  o.e.m.c.i.embedder.EclipseLogger - Copying 1 resource
2022-11-02 16:38:19,310 [Worker-224: Launching Testjson01] WARN  o.e.m.c.i.embedder.EclipseLogger - Using platform encoding (Cp1252 actually) to copy filtered resources, i.e. build is platform dependent!
2022-11-02 16:38:19,311 [Worker-224: Launching Testjson01] INFO  o.e.m.c.i.embedder.EclipseLogger - Copying 0 resource
2022-11-02 16:41:16,893 [Worker-223: Launching Testjson01] WARN  o.e.m.c.i.embedder.EclipseLogger - Using platform encoding (Cp1252 actually) to copy filtered resources, i.e. build is platform dependent!
2022-11-02 16:41:16,894 [Worker-223: Launching Testjson01] INFO  o.e.m.c.i.embedder.EclipseLogger - Copying 1 resource
2022-11-02 16:41:16,895 [Worker-223: Launching Testjson01] WARN  o.e.m.c.i.embedder.EclipseLogger - Using platform encoding (Cp1252 actually) to copy filtered resources, i.e. build is platform dependent!
2022-11-02 16:41:16,895 [Worker-223: Launching Testjson01] INFO  o.e.m.c.i.embedder.EclipseLogger - Copying 0 resource
2022-11-02 16:42:31,817 [Worker-222: Launching Testjson01] WARN  o.e.m.c.i.embedder.EclipseLogger - Using platform encoding (Cp1252 actually) to copy filtered resources, i.e. build is platform dependent!
2022-11-02 16:42:31,818 [Worker-222: Launching Testjson01] INFO  o.e.m.c.i.embedder.EclipseLogger - Copying 1 resource
2022-11-02 16:42:31,819 [Worker-222: Launching Testjson01] WARN  o.e.m.c.i.embedder.EclipseLogger - Using platform encoding (Cp1252 actually) to copy filtered resources, i.e. build is platform dependent!
2022-11-02 16:42:31,819 [Worker-222: Launching Testjson01] INFO  o.e.m.c.i.embedder.EclipseLogger - Copying 0 resource
2022-11-02 16:44:20,825 [Worker-222: Launching Testjson01] WARN  o.e.m.c.i.embedder.EclipseLogger - Using platform encoding (Cp1252 actually) to copy filtered resources, i.e. build is platform dependent!
2022-11-02 16:44:20,826 [Worker-222: Launching Testjson01] INFO  o.e.m.c.i.embedder.EclipseLogger - Copying 1 resource
2022-11-02 16:44:20,828 [Worker-222: Launching Testjson01] WARN  o.e.m.c.i.embedder.EclipseLogger - Using platform encoding (Cp1252 actually) to copy filtered resources, i.e. build is platform dependent!
2022-11-02 16:44:20,828 [Worker-222: Launching Testjson01] INFO  o.e.m.c.i.embedder.EclipseLogger - Copying 0 resource
2022-11-02 16:50:45,644 [Worker-214: Launching Testjson01] WARN  o.e.m.c.i.embedder.EclipseLogger - Using platform encoding (Cp1252 actually) to copy filtered resources, i.e. build is platform dependent!
2022-11-02 16:50:45,645 [Worker-214: Launching Testjson01] INFO  o.e.m.c.i.embedder.EclipseLogger - Copying 1 resource
2022-11-02 16:50:45,646 [Worker-214: Launching Testjson01] WARN  o.e.m.c.i.embedder.EclipseLogger - Using platform encoding (Cp1252 actually) to copy filtered resources, i.e. build is platform dependent!
2022-11-02 16:50:45,647 [Worker-214: Launching Testjson01] INFO  o.e.m.c.i.embedder.EclipseLogger - Copying 0 resource
2022-11-23 01:26:34,696 [Worker-2: Loading available Gradle versions] INFO  o.e.b.c.i.u.g.PublishedGradleVersions - Gradle version information cache is up-to-date. Trying to read.
2022-11-23 11:12:39,208 [Worker-3: Loading available Gradle versions] INFO  o.e.b.c.i.u.g.PublishedGradleVersions - Gradle version information cache is up-to-date. Trying to read.
2022-12-01 13:19:46,110 [Worker-6: Loading available Gradle versions] INFO  o.e.b.c.i.u.g.PublishedGradleVersions - Gradle version information cache is out-of-date. Trying to update.
